android/app/build/intermediates/manifest_merge_blame_file/productionRelease/processProductionReleaseMainManifest/manifest-merger-blame-production-release-report.txt
1<?xml version="1.0" encoding="utf-8"?>
2<manifest xmlns:android="http://schemas.android.com/apk/res/android"
3    package="mx.medsi.medsicheck"
4    android:versionCode="68"
5    android:versionName="4.3.4" >
6
7    <uses-sdk
8        android:minSdkVersion="27"
9        android:targetSdkVersion="34" />
10
11    <uses-permission android:name="android.permission.INTERNET" />
11-->src/main/AndroidManifest.xml:3:5-67
11-->src/main/AndroidManifest.xml:3:22-64
12    <uses-permission android:name="android.permission.ACCESS_NETWORK_STATE" />
12-->src/main/AndroidManifest.xml:4:5-79
12-->src/main/AndroidManifest.xml:4:22-76
13    <uses-permission android:name="android.permission.CAMERA" />
13-->src/main/AndroidManifest.xml:6:5-65
13-->src/main/AndroidManifest.xml:6:22-62
14    <uses-permission android:name="android.permission.WRITE_EXTERNAL_STORAGE" />
14-->src/main/AndroidManifest.xml:7:5-81
14-->src/main/AndroidManifest.xml:7:22-78
15    <uses-permission android:name="android.permission.READ_EXTERNAL_STORAGE" />
15-->src/main/AndroidManifest.xml:8:5-80
15-->src/main/AndroidManifest.xml:8:22-77
16    <uses-permission android:name="android.permission.ACCESS_COARSE_LOCATION" />
16-->src/main/AndroidManifest.xml:10:5-81
16-->src/main/AndroidManifest.xml:10:22-78
17    <uses-permission android:name="android.permission.ACCESS_FINE_LOCATION" />
17-->src/main/AndroidManifest.xml:11:5-79
17-->src/main/AndroidManifest.xml:11:22-76
18    <uses-permission android:name="android.permission.RECORD_AUDIO" />
18-->src/main/AndroidManifest.xml:12:5-70
18-->src/main/AndroidManifest.xml:12:22-68
19
20    <uses-feature
20-->src/main/AndroidManifest.xml:15:5-17:35
21        android:name="android.hardware.camera"
21-->src/main/AndroidManifest.xml:16:9-47
22        android:required="true" />
22-->src/main/AndroidManifest.xml:17:9-32
23    <uses-feature
23-->src/main/AndroidManifest.xml:18:5-20:35
24        android:name="android.hardware.camera.front"
24-->src/main/AndroidManifest.xml:19:9-53
25        android:required="true" />
25-->src/main/AndroidManifest.xml:20:9-32
26
27    <uses-permission android:name="android.permission.ACCESS_WIFI_STATE" />
27-->[:react-native-community_netinfo] AndroidManifest.xml:8:5-76
27-->[:react-native-community_netinfo] AndroidManifest.xml:8:22-73
28    <uses-permission android:name="android.permission.WAKE_LOCK" /> <!-- Required to to download files without a notification -->
28-->[:react-native-firebase_messaging] AndroidManifest.xml:8:5-68
28-->[:react-native-firebase_messaging] AndroidManifest.xml:8:22-65
29    <uses-permission android:name="android.permission.DOWNLOAD_WITHOUT_NOTIFICATION" />
29-->[:react-native-blob-util] AndroidManifest.xml:32:5-88
29-->[:react-native-blob-util] AndroidManifest.xml:32:22-85
30
31    <uses-feature
31-->[:react-native-camera] AndroidManifest.xml:12:5-14:36
32        android:name="android.hardware.camera.autofocus"
32-->[:react-native-camera] AndroidManifest.xml:13:9-57
33        android:required="false" />
33-->[:react-native-camera] AndroidManifest.xml:14:9-33
34
35    <uses-permission android:name="android.permission.POST_NOTIFICATIONS" /> <!-- Required by older versions of Google Play services to create IID tokens -->
35-->[com.google.firebase:firebase-messaging:24.0.0] AndroidManifest.xml:23:5-77
35-->[com.google.firebase:firebase-messaging:24.0.0] AndroidManifest.xml:23:22-74
36    <uses-permission android:name="com.google.android.c2dm.permission.RECEIVE" />
36-->[com.google.firebase:firebase-messaging:24.0.0] AndroidManifest.xml:26:5-82
36-->[com.google.firebase:firebase-messaging:24.0.0] AndroidManifest.xml:26:22-79
37    <uses-permission android:name="com.google.android.gms.permission.AD_ID" />
37-->[com.google.android.gms:play-services-measurement-api:22.0.2] AndroidManifest.xml:25:5-79
37-->[com.google.android.gms:play-services-measurement-api:22.0.2] AndroidManifest.xml:25:22-76
38    <uses-permission android:name="android.permission.ACCESS_ADSERVICES_ATTRIBUTION" />
38-->[com.google.android.gms:play-services-measurement-api:22.0.2] AndroidManifest.xml:26:5-88
38-->[com.google.android.gms:play-services-measurement-api:22.0.2] AndroidManifest.xml:26:22-85
39    <uses-permission android:name="android.permission.ACCESS_ADSERVICES_AD_ID" />
39-->[com.google.android.gms:play-services-measurement-api:22.0.2] AndroidManifest.xml:27:5-82
39-->[com.google.android.gms:play-services-measurement-api:22.0.2] AndroidManifest.xml:27:22-79
40    <uses-permission android:name="com.google.android.finsky.permission.BIND_GET_INSTALL_REFERRER_SERVICE" />
40-->[com.google.android.gms:play-services-measurement:22.0.2] AndroidManifest.xml:26:5-110
40-->[com.google.android.gms:play-services-measurement:22.0.2] AndroidManifest.xml:26:22-107
41    <uses-permission android:name="android.permission.RECEIVE_BOOT_COMPLETED" />
41-->[androidx.work:work-runtime:2.8.0] AndroidManifest.xml:25:5-81
41-->[androidx.work:work-runtime:2.8.0] AndroidManifest.xml:25:22-78
42    <uses-permission android:name="android.permission.FOREGROUND_SERVICE" />
42-->[androidx.work:work-runtime:2.8.0] AndroidManifest.xml:26:5-77
42-->[androidx.work:work-runtime:2.8.0] AndroidManifest.xml:26:22-74
43
44    <permission
44-->[androidx.core:core:1.9.0] AndroidManifest.xml:22:5-24:47
45        android:name="mx.medsi.medsicheck.DYNAMIC_RECEIVER_NOT_EXPORTED_PERMISSION"
45-->[androidx.core:core:1.9.0] AndroidManifest.xml:23:9-81
46        android:protectionLevel="signature" />
46-->[androidx.core:core:1.9.0] AndroidManifest.xml:24:9-44
47
48    <uses-permission android:name="mx.medsi.medsicheck.DYNAMIC_RECEIVER_NOT_EXPORTED_PERMISSION" />
48-->[androidx.core:core:1.9.0] AndroidManifest.xml:26:5-97
48-->[androidx.core:core:1.9.0] AndroidManifest.xml:26:22-94
49    <uses-permission android:name="android.permission.VIBRATE" />
49-->[app.notifee:core:202108261754] AndroidManifest.xml:13:5-66
49-->[app.notifee:core:202108261754] AndroidManifest.xml:13:22-63
50    <uses-permission android:name="android.permission.USE_FULL_SCREEN_INTENT" />
50-->[app.notifee:core:202108261754] AndroidManifest.xml:16:5-81
50-->[app.notifee:core:202108261754] AndroidManifest.xml:16:22-78
51    <uses-permission android:name="android.permission.SCHEDULE_EXACT_ALARM" />
51-->[app.notifee:core:202108261754] AndroidManifest.xml:17:5-79
51-->[app.notifee:core:202108261754] AndroidManifest.xml:17:22-76
52    <uses-permission
52-->[app.notifee:core:202108261754] AndroidManifest.xml:18:5-20:38
53        android:name="android.permission.BROADCAST_CLOSE_SYSTEM_DIALOGS"
53-->[app.notifee:core:202108261754] AndroidManifest.xml:19:9-73
54        android:maxSdkVersion="30" /> <!-- For Xiaomi devices to enable heads-up notifications as default (https://github.com/invertase/notifee/issues/296) -->
54-->[app.notifee:core:202108261754] AndroidManifest.xml:20:9-35
55    <uses-permission
55-->[app.notifee:core:202108261754] AndroidManifest.xml:22:5-24:38
56        android:name="android.permission.ACCESS_NOTIFICATION_POLICY"
56-->[app.notifee:core:202108261754] AndroidManifest.xml:23:9-69
57        android:minSdkVersion="23" />
57-->[app.notifee:core:202108261754] AndroidManifest.xml:24:9-35
58    <uses-permission android:name="android.permission.READ_PHONE_STATE" />
58-->[:biosensesignal-react-native-sdk:biosensesignal-sdk] AndroidManifest.xml:10:5-75
58-->[:biosensesignal-react-native-sdk:biosensesignal-sdk] AndroidManifest.xml:10:22-72
59
60    <uses-feature
60-->[:biosensesignal-react-native-sdk:biosensesignal-sdk] AndroidManifest.xml:21:5-23:36
61        android:name="android.hardware.camera.front.autofocus"
61-->[:biosensesignal-react-native-sdk:biosensesignal-sdk] AndroidManifest.xml:22:9-63
62        android:required="false" />
62-->[:biosensesignal-react-native-sdk:biosensesignal-sdk] AndroidManifest.xml:23:9-33
63
64    <application
64-->src/main/AndroidManifest.xml:22:5-59:19
65        android:name="mx.medsi.medsicheck.MainApplication"
65-->src/main/AndroidManifest.xml:23:9-40
66        android:allowBackup="false"
66-->src/main/AndroidManifest.xml:27:9-36
67        android:alwaysRetainTaskState="true"
67-->src/main/AndroidManifest.xml:30:9-45
68        android:appComponentFactory="androidx.core.app.CoreComponentFactory"
68-->[androidx.core:core:1.9.0] AndroidManifest.xml:28:18-86
69        android:extractNativeLibs="true"
70        android:icon="@mipmap/ic_launcher"
70-->src/main/AndroidManifest.xml:25:9-43
71        android:label="@string/app_name"
71-->src/main/AndroidManifest.xml:24:9-41
72        android:roundIcon="@mipmap/ic_launcher_round"
72-->src/main/AndroidManifest.xml:26:9-54
73        android:theme="@style/AppTheme"
73-->src/main/AndroidManifest.xml:28:9-40
74        android:usesCleartextTraffic="true" >
74-->src/main/AndroidManifest.xml:29:9-44
75        <activity
75-->src/main/AndroidManifest.xml:31:9-34:52
76            android:name="mx.medsi.medsicheck.ui.AnuraExampleMeasurementActivity"
76-->src/main/AndroidManifest.xml:32:13-63
77            android:launchMode="singleInstance"
77-->src/main/AndroidManifest.xml:33:13-48
78            android:screenOrientation="portrait" />
78-->src/main/AndroidManifest.xml:34:13-49
79        <activity
79-->src/main/AndroidManifest.xml:35:9-58:20
80            android:name="mx.medsi.medsicheck.ui.MainActivity"
80-->src/main/AndroidManifest.xml:36:13-44
81            android:configChanges="keyboard|keyboardHidden|orientation|screenLayout|screenSize|smallestScreenSize|uiMode"
81-->src/main/AndroidManifest.xml:38:13-122
82            android:exported="true"
82-->src/main/AndroidManifest.xml:41:13-36
83            android:label="@string/app_name"
83-->src/main/AndroidManifest.xml:37:13-45
84            android:launchMode="singleTask"
84-->src/main/AndroidManifest.xml:39:13-44
85            android:screenOrientation="portrait"
85-->src/main/AndroidManifest.xml:42:13-49
86            android:theme="@style/BootTheme"
86-->src/main/AndroidManifest.xml:43:13-45
87            android:windowSoftInputMode="adjustResize" >
87-->src/main/AndroidManifest.xml:40:13-55
88            <intent-filter>
88-->src/main/AndroidManifest.xml:45:13-48:29
89                <action android:name="android.intent.action.MAIN" />
89-->src/main/AndroidManifest.xml:46:17-69
89-->src/main/AndroidManifest.xml:46:25-66
90
91                <category android:name="android.intent.category.LAUNCHER" />
91-->src/main/AndroidManifest.xml:47:17-77
91-->src/main/AndroidManifest.xml:47:27-74
92            </intent-filter>
93            <intent-filter android:autoVerify="true" >
93-->src/main/AndroidManifest.xml:49:13-57:29
93-->src/main/AndroidManifest.xml:49:28-53
94                <action android:name="android.intent.action.VIEW" />
94-->src/main/AndroidManifest.xml:50:17-69
94-->src/main/AndroidManifest.xml:50:25-66
95
96                <category android:name="android.intent.category.DEFAULT" />
96-->src/main/AndroidManifest.xml:52:17-76
96-->src/main/AndroidManifest.xml:52:27-73
97                <category android:name="android.intent.category.BROWSABLE" />
97-->src/main/AndroidManifest.xml:53:17-78
97-->src/main/AndroidManifest.xml:53:27-75
98
99                <data android:scheme="https" />
99-->src/main/AndroidManifest.xml:55:23-45
100                <data
101                    android:host="redirect.medsicheck.medsi.ai"
101-->src/main/AndroidManifest.xml:56:23-48
102                    android:pathPrefix="/prod" />
102-->src/main/AndroidManifest.xml:56:49-83
103            </intent-filter>
104        </activity>
105
106        <provider
106-->[:react-native-webview] AndroidManifest.xml:8:9-16:20
107            android:name="com.reactnativecommunity.webview.RNCWebViewFileProvider"
107-->[:react-native-webview] AndroidManifest.xml:9:13-83
108            android:authorities="mx.medsi.medsicheck.fileprovider"
108-->[:react-native-webview] AndroidManifest.xml:10:13-64
109            android:exported="false"
109-->[:react-native-webview] AndroidManifest.xml:11:13-37
110            android:grantUriPermissions="true" >
110-->[:react-native-webview] AndroidManifest.xml:12:13-47
111            <meta-data
111-->[:react-native-webview] AndroidManifest.xml:13:13-15:63
112                android:name="android.support.FILE_PROVIDER_PATHS"
112-->[:react-native-webview] AndroidManifest.xml:14:17-67
113                android:resource="@xml/file_provider_paths" />
113-->[:react-native-webview] AndroidManifest.xml:15:17-60
114        </provider>
115        <provider
115-->[:notifee_react-native] AndroidManifest.xml:8:9-12:40
116            android:name="io.invertase.notifee.NotifeeInitProvider"
116-->[:notifee_react-native] AndroidManifest.xml:9:13-68
117            android:authorities="mx.medsi.medsicheck.notifee-init-provider"
117-->[:notifee_react-native] AndroidManifest.xml:10:13-73
118            android:exported="false"
118-->[:notifee_react-native] AndroidManifest.xml:11:13-37
119            android:initOrder="-100" />
119-->[:notifee_react-native] AndroidManifest.xml:12:13-37
120
121        <service
121-->[:react-native-firebase_messaging] AndroidManifest.xml:12:9-14:40
122            android:name="io.invertase.firebase.messaging.ReactNativeFirebaseMessagingHeadlessService"
122-->[:react-native-firebase_messaging] AndroidManifest.xml:13:13-103
123            android:exported="false" />
123-->[:react-native-firebase_messaging] AndroidManifest.xml:14:13-37
124        <service
124-->[:react-native-firebase_messaging] AndroidManifest.xml:15:9-21:19
125            android:name="io.invertase.firebase.messaging.ReactNativeFirebaseMessagingService"
125-->[:react-native-firebase_messaging] AndroidManifest.xml:16:13-95
126            android:exported="false" >
126-->[:react-native-firebase_messaging] AndroidManifest.xml:17:13-37
127            <intent-filter>
127-->[:react-native-firebase_messaging] AndroidManifest.xml:18:13-20:29
128                <action android:name="com.google.firebase.MESSAGING_EVENT" />
128-->[:react-native-firebase_messaging] AndroidManifest.xml:19:17-78
128-->[:react-native-firebase_messaging] AndroidManifest.xml:19:25-75
129            </intent-filter>
130        </service>
131
132        <receiver
132-->[:react-native-firebase_messaging] AndroidManifest.xml:23:9-30:20
133            android:name="io.invertase.firebase.messaging.ReactNativeFirebaseMessagingReceiver"
133-->[:react-native-firebase_messaging] AndroidManifest.xml:24:13-96
134            android:exported="true"
134-->[:react-native-firebase_messaging] AndroidManifest.xml:25:13-36
135            android:permission="com.google.android.c2dm.permission.SEND" >
135-->[:react-native-firebase_messaging] AndroidManifest.xml:26:13-73
136            <intent-filter>
136-->[:react-native-firebase_messaging] AndroidManifest.xml:27:13-29:29
137                <action android:name="com.google.android.c2dm.intent.RECEIVE" />
137-->[:react-native-firebase_messaging] AndroidManifest.xml:28:17-81
137-->[:react-native-firebase_messaging] AndroidManifest.xml:28:25-78
138            </intent-filter>
139        </receiver>
140
141        <meta-data
141-->[:react-native-firebase_messaging] AndroidManifest.xml:32:9-34:36
142            android:name="firebase_messaging_auto_init_enabled"
142-->[:react-native-firebase_messaging] AndroidManifest.xml:33:13-64
143            android:value="true" />
143-->[:react-native-firebase_messaging] AndroidManifest.xml:34:13-33
144        <meta-data
144-->[:react-native-firebase_messaging] AndroidManifest.xml:35:9-37:32
145            android:name="com.google.firebase.messaging.default_notification_channel_id"
145-->[:react-native-firebase_messaging] AndroidManifest.xml:36:13-89
146            android:value="" />
146-->[:react-native-firebase_messaging] AndroidManifest.xml:37:13-29
147        <meta-data
147-->[:react-native-firebase_messaging] AndroidManifest.xml:38:9-40:47
148            android:name="com.google.firebase.messaging.default_notification_color"
148-->[:react-native-firebase_messaging] AndroidManifest.xml:39:13-84
149            android:resource="@color/white" />
149-->[:react-native-firebase_messaging] AndroidManifest.xml:40:13-44
150        <meta-data
150-->[:react-native-firebase_app] AndroidManifest.xml:9:9-11:36
151            android:name="app_data_collection_default_enabled"
151-->[:react-native-firebase_app] AndroidManifest.xml:10:13-63
152            android:value="true" />
152-->[:react-native-firebase_app] AndroidManifest.xml:11:13-33
153
154        <service
154-->[:react-native-firebase_app] AndroidManifest.xml:13:9-21:19
155            android:name="com.google.firebase.components.ComponentDiscoveryService"
155-->[:react-native-firebase_app] AndroidManifest.xml:14:13-84
156            android:directBootAware="true"
156-->[:react-native-firebase_app] AndroidManifest.xml:15:13-43
157            android:exported="false" >
157-->[:react-native-firebase_app] AndroidManifest.xml:16:13-37
158            <meta-data
158-->[:react-native-firebase_app] AndroidManifest.xml:18:13-20:85
159                android:name="com.google.firebase.components:io.invertase.firebase.app.ReactNativeFirebaseAppRegistrar"
159-->[:react-native-firebase_app] AndroidManifest.xml:19:17-120
160                android:value="com.google.firebase.components.ComponentRegistrar" />
160-->[:react-native-firebase_app] AndroidManifest.xml:20:17-82
161            <meta-data
161-->[com.google.firebase:firebase-perf-ktx:21.0.1] AndroidManifest.xml:12:13-14:85
162                android:name="com.google.firebase.components:com.google.firebase.perf.ktx.FirebasePerfLegacyRegistrar"
162-->[com.google.firebase:firebase-perf-ktx:21.0.1] AndroidManifest.xml:13:17-119
163                android:value="com.google.firebase.components.ComponentRegistrar" />
163-->[com.google.firebase:firebase-perf-ktx:21.0.1] AndroidManifest.xml:14:17-82
164            <meta-data
164-->[com.google.firebase:firebase-perf:21.0.1] AndroidManifest.xml:14:13-16:85
165                android:name="com.google.firebase.components:com.google.firebase.perf.FirebasePerfKtxRegistrar"
165-->[com.google.firebase:firebase-perf:21.0.1] AndroidManifest.xml:15:17-112
166                android:value="com.google.firebase.components.ComponentRegistrar" />
166-->[com.google.firebase:firebase-perf:21.0.1] AndroidManifest.xml:16:17-82
167            <meta-data
167-->[com.google.firebase:firebase-perf:21.0.1] AndroidManifest.xml:17:13-19:85
168                android:name="com.google.firebase.components:com.google.firebase.perf.FirebasePerfRegistrar"
168-->[com.google.firebase:firebase-perf:21.0.1] AndroidManifest.xml:18:17-109
169                android:value="com.google.firebase.components.ComponentRegistrar" />
169-->[com.google.firebase:firebase-perf:21.0.1] AndroidManifest.xml:19:17-82
170            <meta-data
170-->[com.google.firebase:firebase-messaging:24.0.0] AndroidManifest.xml:57:13-59:85
171                android:name="com.google.firebase.components:com.google.firebase.messaging.FirebaseMessagingKtxRegistrar"
171-->[com.google.firebase:firebase-messaging:24.0.0] AndroidManifest.xml:58:17-122
172                android:value="com.google.firebase.components.ComponentRegistrar" />
172-->[com.google.firebase:firebase-messaging:24.0.0] AndroidManifest.xml:59:17-82
173            <meta-data
173-->[com.google.firebase:firebase-messaging:24.0.0] AndroidManifest.xml:60:13-62:85
174                android:name="com.google.firebase.components:com.google.firebase.messaging.FirebaseMessagingRegistrar"
174-->[com.google.firebase:firebase-messaging:24.0.0] AndroidManifest.xml:61:17-119
175                android:value="com.google.firebase.components.ComponentRegistrar" />
175-->[com.google.firebase:firebase-messaging:24.0.0] AndroidManifest.xml:62:17-82
176            <meta-data
176-->[com.google.android.gms:play-services-measurement-api:22.0.2] AndroidManifest.xml:37:13-39:85
177                android:name="com.google.firebase.components:com.google.firebase.analytics.connector.internal.AnalyticsConnectorRegistrar"
177-->[com.google.android.gms:play-services-measurement-api:22.0.2] AndroidManifest.xml:38:17-139
178                android:value="com.google.firebase.components.ComponentRegistrar" />
178-->[com.google.android.gms:play-services-measurement-api:22.0.2] AndroidManifest.xml:39:17-82
179            <meta-data
179-->[com.google.firebase:firebase-sessions:2.0.0] AndroidManifest.xml:29:13-31:85
180                android:name="com.google.firebase.components:com.google.firebase.sessions.FirebaseSessionsRegistrar"
180-->[com.google.firebase:firebase-sessions:2.0.0] AndroidManifest.xml:30:17-117
181                android:value="com.google.firebase.components.ComponentRegistrar" />
181-->[com.google.firebase:firebase-sessions:2.0.0] AndroidManifest.xml:31:17-82
182            <meta-data
182-->[com.google.firebase:firebase-config:22.0.0] AndroidManifest.xml:29:13-31:85
183                android:name="com.google.firebase.components:com.google.firebase.remoteconfig.FirebaseRemoteConfigKtxRegistrar"
183-->[com.google.firebase:firebase-config:22.0.0] AndroidManifest.xml:30:17-128
184                android:value="com.google.firebase.components.ComponentRegistrar" />
184-->[com.google.firebase:firebase-config:22.0.0] AndroidManifest.xml:31:17-82
185            <meta-data
185-->[com.google.firebase:firebase-config:22.0.0] AndroidManifest.xml:32:13-34:85
186                android:name="com.google.firebase.components:com.google.firebase.remoteconfig.RemoteConfigRegistrar"
186-->[com.google.firebase:firebase-config:22.0.0] AndroidManifest.xml:33:17-117
187                android:value="com.google.firebase.components.ComponentRegistrar" />
187-->[com.google.firebase:firebase-config:22.0.0] AndroidManifest.xml:34:17-82
188            <meta-data
188-->[com.google.firebase:firebase-installations:18.0.0] AndroidManifest.xml:15:13-17:85
189                android:name="com.google.firebase.components:com.google.firebase.installations.FirebaseInstallationsKtxRegistrar"
189-->[com.google.firebase:firebase-installations:18.0.0] AndroidManifest.xml:16:17-130
190                android:value="com.google.firebase.components.ComponentRegistrar" />
190-->[com.google.firebase:firebase-installations:18.0.0] AndroidManifest.xml:17:17-82
191            <meta-data
191-->[com.google.firebase:firebase-installations:18.0.0] AndroidManifest.xml:18:13-20:85
192                android:name="com.google.firebase.components:com.google.firebase.installations.FirebaseInstallationsRegistrar"
192-->[com.google.firebase:firebase-installations:18.0.0] AndroidManifest.xml:19:17-127
193                android:value="com.google.firebase.components.ComponentRegistrar" />
193-->[com.google.firebase:firebase-installations:18.0.0] AndroidManifest.xml:20:17-82
194            <meta-data
194-->[com.google.firebase:firebase-common-ktx:21.0.0] AndroidManifest.xml:12:13-14:85
195                android:name="com.google.firebase.components:com.google.firebase.ktx.FirebaseCommonLegacyRegistrar"
195-->[com.google.firebase:firebase-common-ktx:21.0.0] AndroidManifest.xml:13:17-116
196                android:value="com.google.firebase.components.ComponentRegistrar" />
196-->[com.google.firebase:firebase-common-ktx:21.0.0] AndroidManifest.xml:14:17-82
197            <meta-data
197-->[com.google.firebase:firebase-common:21.0.0] AndroidManifest.xml:35:13-37:85
198                android:name="com.google.firebase.components:com.google.firebase.FirebaseCommonKtxRegistrar"
198-->[com.google.firebase:firebase-common:21.0.0] AndroidManifest.xml:36:17-109
199                android:value="com.google.firebase.components.ComponentRegistrar" />
199-->[com.google.firebase:firebase-common:21.0.0] AndroidManifest.xml:37:17-82
200            <meta-data
200-->[com.google.firebase:firebase-abt:21.1.1] AndroidManifest.xml:12:13-14:85
201                android:name="com.google.firebase.components:com.google.firebase.abt.component.AbtRegistrar"
201-->[com.google.firebase:firebase-abt:21.1.1] AndroidManifest.xml:13:17-109
202                android:value="com.google.firebase.components.ComponentRegistrar" />
202-->[com.google.firebase:firebase-abt:21.1.1] AndroidManifest.xml:14:17-82
203            <meta-data
203-->[com.google.firebase:firebase-datatransport:18.2.0] AndroidManifest.xml:25:13-27:85
204                android:name="com.google.firebase.components:com.google.firebase.datatransport.TransportRegistrar"
204-->[com.google.firebase:firebase-datatransport:18.2.0] AndroidManifest.xml:26:17-115
205                android:value="com.google.firebase.components.ComponentRegistrar" />
205-->[com.google.firebase:firebase-datatransport:18.2.0] AndroidManifest.xml:27:17-82
206        </service>
207
208        <provider
208-->[:react-native-firebase_app] AndroidManifest.xml:23:9-27:38
209            android:name="io.invertase.firebase.app.ReactNativeFirebaseAppInitProvider"
209-->[:react-native-firebase_app] AndroidManifest.xml:24:13-88
210            android:authorities="mx.medsi.medsicheck.reactnativefirebaseappinitprovider"
210-->[:react-native-firebase_app] AndroidManifest.xml:25:13-86
211            android:exported="false"
211-->[:react-native-firebase_app] AndroidManifest.xml:26:13-37
212            android:initOrder="99" />
212-->[:react-native-firebase_app] AndroidManifest.xml:27:13-35
213
214        <meta-data
214-->[:sentry_react-native] AndroidManifest.xml:11:9-13:37
215            android:name="io.sentry.auto-init"
215-->[:sentry_react-native] AndroidManifest.xml:12:13-47
216            android:value="false" />
216-->[:sentry_react-native] AndroidManifest.xml:13:13-34
217
218        <provider
218-->[:react-native-blob-util] AndroidManifest.xml:35:9-43:20
219            android:name="com.ReactNativeBlobUtil.Utils.FileProvider"
219-->[:react-native-blob-util] AndroidManifest.xml:36:13-70
220            android:authorities="mx.medsi.medsicheck.provider"
220-->[:react-native-blob-util] AndroidManifest.xml:37:13-60
221            android:exported="false"
221-->[:react-native-blob-util] AndroidManifest.xml:38:13-37
222            android:grantUriPermissions="true" >
222-->[:react-native-blob-util] AndroidManifest.xml:39:13-47
223            <meta-data
223-->[:react-native-webview] AndroidManifest.xml:13:13-15:63
224                android:name="android.support.FILE_PROVIDER_PATHS"
224-->[:react-native-webview] AndroidManifest.xml:14:17-67
225                android:resource="@xml/provider_paths" />
225-->[:react-native-webview] AndroidManifest.xml:15:17-60
226        </provider>
227        <provider
227-->[:react-native-image-picker] AndroidManifest.xml:8:9-16:20
228            android:name="com.imagepicker.ImagePickerProvider"
228-->[:react-native-image-picker] AndroidManifest.xml:9:13-63
229            android:authorities="mx.medsi.medsicheck.imagepickerprovider"
229-->[:react-native-image-picker] AndroidManifest.xml:10:13-71
230            android:exported="false"
230-->[:react-native-image-picker] AndroidManifest.xml:11:13-37
231            android:grantUriPermissions="true" >
231-->[:react-native-image-picker] AndroidManifest.xml:12:13-47
232            <meta-data
232-->[:react-native-webview] AndroidManifest.xml:13:13-15:63
233                android:name="android.support.FILE_PROVIDER_PATHS"
233-->[:react-native-webview] AndroidManifest.xml:14:17-67
234                android:resource="@xml/imagepicker_provider_paths" />
234-->[:react-native-webview] AndroidManifest.xml:15:17-60
235        </provider>
236        <provider
236-->[:react-native-share] AndroidManifest.xml:8:9-16:20
237            android:name="cl.json.RNShareFileProvider"
237-->[:react-native-share] AndroidManifest.xml:9:13-55
238            android:authorities="mx.medsi.medsicheck.rnshare.fileprovider"
238-->[:react-native-share] AndroidManifest.xml:10:13-72
239            android:exported="false"
239-->[:react-native-share] AndroidManifest.xml:11:13-37
240            android:grantUriPermissions="true" >
240-->[:react-native-share] AndroidManifest.xml:12:13-47
241            <meta-data
241-->[:react-native-webview] AndroidManifest.xml:13:13-15:63
242                android:name="android.support.FILE_PROVIDER_PATHS"
242-->[:react-native-webview] AndroidManifest.xml:14:17-67
243                android:resource="@xml/share_download_paths" />
243-->[:react-native-webview] AndroidManifest.xml:15:17-60
244        </provider>
245
246        <activity
246-->[com.google.android.gms:play-services-auth:21.2.0] AndroidManifest.xml:23:9-27:75
247            android:name="com.google.android.gms.auth.api.signin.internal.SignInHubActivity"
247-->[com.google.android.gms:play-services-auth:21.2.0] AndroidManifest.xml:24:13-93
248            android:excludeFromRecents="true"
248-->[com.google.android.gms:play-services-auth:21.2.0] AndroidManifest.xml:25:13-46
249            android:exported="false"
249-->[com.google.android.gms:play-services-auth:21.2.0] AndroidManifest.xml:26:13-37
250            android:theme="@android:style/Theme.Translucent.NoTitleBar" />
250-->[com.google.android.gms:play-services-auth:21.2.0] AndroidManifest.xml:27:13-72
251        <!--
252            Service handling Google Sign-In user revocation. For apps that do not integrate with
253            Google Sign-In, this service will never be started.
254        -->
255        <service
255-->[com.google.android.gms:play-services-auth:21.2.0] AndroidManifest.xml:33:9-37:51
256            android:name="com.google.android.gms.auth.api.signin.RevocationBoundService"
256-->[com.google.android.gms:play-services-auth:21.2.0] AndroidManifest.xml:34:13-89
257            android:exported="true"
257-->[com.google.android.gms:play-services-auth:21.2.0] AndroidManifest.xml:35:13-36
258            android:permission="com.google.android.gms.auth.api.signin.permission.REVOCATION_NOTIFICATION"
258-->[com.google.android.gms:play-services-auth:21.2.0] AndroidManifest.xml:36:13-107
259            android:visibleToInstantApps="true" />